<?xml version="1.0" encoding="UTF-8"?>
<tsduck>
  <PAT transport_stream_id="1">
    <service service_id="1" program_map_PID="100"/>
    <service service_id="2" program_map_PID="200"/>
    <service service_id="3" program_map_PID="300"/>
    <service service_id="4" program_map_PID="400"/>
    <service service_id="5" program_map_PID="500"/>
    <service service_id="6" program_map_PID="600"/>
    <service service_id="7" program_map_PID="700"/>
    <service service_id="8" program_map_PID="800"/>
    <service service_id="9" program_map_PID="900"/>
  </PAT>
</tsduck>
