<?xml version="1.0" encoding="UTF-8"?>
<tsduck>
  <PAT version="0" current="true" transport_stream_id="0x0001">
    <metadata PID="0"/>
    <service service_id="0x0001" program_map_PID="0x0064"/>
    <service service_id="0x0002" program_map_PID="0x00C8"/>
    <service service_id="0x0003" program_map_PID="0x012C"/>
    <service service_id="0x0004" program_map_PID="0x0190"/>
    <service service_id="0x0005" program_map_PID="0x01F4"/>
    <service service_id="0x0006" program_map_PID="0x0258"/>
    <service service_id="0x0007" program_map_PID="0x02BC"/>
    <service service_id="0x0008" program_map_PID="0x0320"/>
    <service service_id="0x0009" program_map_PID="0x0384"/>
  </PAT>
</tsduck>
